<?xml version="1.0" encoding="UTF-8"?>
<testsuite xmlns:xsi="http://www.w3.org/2001/XMLSchema-instance" xsi:noNamespaceSchemaLocation="https://maven.apache.org/surefire/maven-surefire-plugin/xsd/surefire-test-report-3.0.xsd" version="3.0" name="com.example.jpademojava.UserServiceTest" time="9.43" tests="5" errors="0" skipped="0" failures="0">
  <properties>
[...]
</properties>
  <testcase name="testGetUserByEmail" classname="com.example.jpademojava.UserServiceTest" time="0.602">
    <system-out><![CDATA[19:58:44.217 [main] INFO org.springframework.test.context.support.AnnotationConfigContextLoaderUtils -- Could not detect default configuration classes for test class [com.example.jpademojava.UserServiceTest]: UserServiceTest does not declare any static, non-private, non-final, nested classes annotated with @Configuration.
19:58:44.403 [main] INFO org.springframework.boot.test.context.SpringBootTestContextBootstrapper -- Found @SpringBootConfiguration com.example.jpademojava.JpaDemoApplication for test class com.example.jpademojava.UserServiceTest

  .   ____          _            __ _ _
 /\\ / ___'_ __ _ _(_)_ __  __ _ \ \ \ \
( ( )\___ | '_ | '_| | '_ \/ _` | \ \ \ \
 \\/  ___)| |_)| | | | | || (_| |  ) ) ) )
  '  |____| .__|_| |_|_| |_\__, | / / / /
 =========|_|==============|___/=/_/_/_/
 :: Spring Boot ::                (v3.1.2)

2025-06-04T19:58:45.295-03:00  INFO 15120 --- [           main] c.example.jpademojava.UserServiceTest    : Starting UserServiceTest using Java 24.0.1 with PID 15120 (started by aluno in C:\Users\Aluno\Downloads\jpa-demo)
2025-06-04T19:58:45.297-03:00  INFO 15120 --- [           main] c.example.jpademojava.UserServiceTest    : No active profile set, falling back to 1 default profile: "default"
2025-06-04T19:58:46.372-03:00  INFO 15120 --- [           main] .s.d.r.c.RepositoryConfigurationDelegate : Bootstrapping Spring Data JPA repositories in DEFAULT mode.
2025-06-04T19:58:46.639-03:00  INFO 15120 --- [           main] .s.d.r.c.RepositoryConfigurationDelegate : Finished Spring Data repository scanning in 250 ms. Found 1 JPA repository interfaces.
2025-06-04T19:58:47.352-03:00  INFO 15120 --- [           main] o.hibernate.jpa.internal.util.LogHelper  : HHH000204: Processing PersistenceUnitInfo [name: default]
2025-06-04T19:58:47.452-03:00  INFO 15120 --- [           main] org.hibernate.Version                    : HHH000412: Hibernate ORM core version 6.2.6.Final
2025-06-04T19:58:47.456-03:00  INFO 15120 --- [           main] org.hibernate.cfg.Environment            : HHH000406: Using bytecode reflection optimizer
2025-06-04T19:58:47.751-03:00  INFO 15120 --- [           main] o.h.b.i.BytecodeProviderInitiator        : HHH000021: Bytecode provider name : bytebuddy
2025-06-04T19:58:48.115-03:00  INFO 15120 --- [           main] o.s.o.j.p.SpringPersistenceUnitInfo      : No LoadTimeWeaver setup: ignoring JPA class transformer
2025-06-04T19:58:48.147-03:00  INFO 15120 --- [           main] com.zaxxer.hikari.HikariDataSource       : HikariPool-1 - Starting...
2025-06-04T19:58:48.416-03:00  INFO 15120 --- [           main] com.zaxxer.hikari.pool.HikariPool        : HikariPool-1 - Added connection conn0: url=jdbc:h2:mem:testdb user=SA
2025-06-04T19:58:48.418-03:00  INFO 15120 --- [           main] com.zaxxer.hikari.HikariDataSource       : HikariPool-1 - Start completed.
2025-06-04T19:58:48.759-03:00  INFO 15120 --- [           main] o.h.b.i.BytecodeProviderInitiator        : HHH000021: Bytecode provider name : bytebuddy
2025-06-04T19:58:49.727-03:00  INFO 15120 --- [           main] o.h.e.t.j.p.i.JtaPlatformInitiator       : HHH000490: Using JtaPlatform implementation: [org.hibernate.engine.transaction.jta.platform.internal.NoJtaPlatform]
2025-06-04T19:58:49.757-03:00 DEBUG 15120 --- [           main] org.hibernate.SQL                        : 
    drop table if exists users cascade 
Hibernate: 
    drop table if exists users cascade 
2025-06-04T19:58:49.770-03:00 DEBUG 15120 --- [           main] org.hibernate.SQL                        : 
    create table users (
        created_at timestamp(6),
        id bigint generated by default as identity,
        updated_at timestamp(6),
        email varchar(255) not null unique,
        first_name varchar(255) not null,
        last_name varchar(255) not null,
        primary key (id)
    )
Hibernate: 
    create table users (
        created_at timestamp(6),
        id bigint generated by default as identity,
        updated_at timestamp(6),
        email varchar(255) not null unique,
        first_name varchar(255) not null,
        last_name varchar(255) not null,
        primary key (id)
    )
2025-06-04T19:58:49.787-03:00  INFO 15120 --- [           main] j.LocalContainerEntityManagerFactoryBean : Initialized JPA EntityManagerFactory for persistence unit 'default'
2025-06-04T19:58:50.290-03:00  INFO 15120 --- [           main] o.s.d.j.r.query.QueryEnhancerFactory     : Hibernate is in classpath; If applicable, HQL parser will be used.
2025-06-04T19:58:51.590-03:00  WARN 15120 --- [           main] JpaBaseConfiguration$JpaWebConfiguration : spring.jpa.open-in-view is enabled by default. Therefore, database queries may be performed during view rendering. Explicitly configure spring.jpa.open-in-view to disable this warning
2025-06-04T19:58:52.288-03:00  INFO 15120 --- [           main] o.s.b.a.h2.H2ConsoleAutoConfiguration    : H2 console available at '/h2-console'. Database available at 'jdbc:h2:mem:testdb'
2025-06-04T19:58:52.355-03:00  INFO 15120 --- [           main] c.example.jpademojava.UserServiceTest    : Started UserServiceTest in 7.699 seconds (process running for 9.638)
2025-06-04T19:58:52.406-03:00 DEBUG 15120 --- [           main] org.hibernate.SQL                        : 
    insert 
    into
        users
        (created_at,email,first_name,last_name,updated_at,id) 
    values
        (?,?,?,?,?,default)
Hibernate: 
    insert 
    into
        users
        (created_at,email,first_name,last_name,updated_at,id) 
    values
        (?,?,?,?,?,default)
2025-06-04T19:58:52.471-03:00 DEBUG 15120 --- [           main] org.hibernate.SQL                        : 
    insert 
    into
        users
        (created_at,email,first_name,last_name,updated_at,id) 
    values
        (?,?,?,?,?,default)
Hibernate: 
    insert 
    into
        users
        (created_at,email,first_name,last_name,updated_at,id) 
    values
        (?,?,?,?,?,default)
2025-06-04T19:58:52.474-03:00 DEBUG 15120 --- [           main] org.hibernate.SQL                        : 
    insert 
    into
        users
        (created_at,email,first_name,last_name,updated_at,id) 
    values
        (?,?,?,?,?,default)
Hibernate: 
    insert 
    into
        users
        (created_at,email,first_name,last_name,updated_at,id) 
    values
        (?,?,?,?,?,default)
Sample data initialized!
2025-06-04T19:58:52.615-03:00 DEBUG 15120 --- [           main] org.hibernate.SQL                        : 
    select
        u1_0.id,
        u1_0.created_at,
        u1_0.email,
        u1_0.first_name,
        u1_0.last_name,
        u1_0.updated_at 
    from
        users u1_0
Hibernate: 
    select
        u1_0.id,
        u1_0.created_at,
        u1_0.email,
        u1_0.first_name,
        u1_0.last_name,
        u1_0.updated_at 
    from
        users u1_0
Total users: 3
2025-06-04T19:58:53.177-03:00 DEBUG 15120 --- [           main] org.hibernate.SQL                        : 
    insert 
    into
        users
        (created_at,email,first_name,last_name,updated_at,id) 
    values
        (?,?,?,?,?,default)
Hibernate: 
    insert 
    into
        users
        (created_at,email,first_name,last_name,updated_at,id) 
    values
        (?,?,?,?,?,default)
2025-06-04T19:58:53.217-03:00 DEBUG 15120 --- [           main] org.hibernate.SQL                        : 
    select
        u1_0.id,
        u1_0.created_at,
        u1_0.email,
        u1_0.first_name,
        u1_0.last_name,
        u1_0.updated_at 
    from
        users u1_0 
    where
        u1_0.email=?
Hibernate: 
    select
        u1_0.id,
        u1_0.created_at,
        u1_0.email,
        u1_0.first_name,
        u1_0.last_name,
        u1_0.updated_at 
    from
        users u1_0 
    where
        u1_0.email=?
]]></system-out>
    <system-err><![CDATA[WARNING: A Java agent has been loaded dynamically (C:\Users\Aluno\.m2\repository\net\bytebuddy\byte-buddy-agent\1.14.5\byte-buddy-agent-1.14.5.jar)
WARNING: If a serviceability tool is in use, please run with -XX:+EnableDynamicAgentLoading to hide this warning
WARNING: If a serviceability tool is not in use, please run with -Djdk.instrument.traceUsage for more information
WARNING: Dynamic loading of agents will be disallowed by default in a future release
]]></system-err>
  </testcase>
  <testcase name="testUpdateUser" classname="com.example.jpademojava.UserServiceTest" time="0.05">
    <system-out><![CDATA[2025-06-04T19:58:53.262-03:00 DEBUG 15120 --- [           main] org.hibernate.SQL                        : 
    insert 
    into
        users
        (created_at,email,first_name,last_name,updated_at,id) 
    values
        (?,?,?,?,?,default)
Hibernate: 
    insert 
    into
        users
        (created_at,email,first_name,last_name,updated_at,id) 
    values
        (?,?,?,?,?,default)
]]></system-out>
  </testcase>
  <testcase name="testSearchByFirstName" classname="com.example.jpademojava.UserServiceTest" time="0.022">
    <system-out><![CDATA[2025-06-04T19:58:53.314-03:00 DEBUG 15120 --- [           main] org.hibernate.SQL                        : 
    insert 
    into
        users
        (created_at,email,first_name,last_name,updated_at,id) 
    values
        (?,?,?,?,?,default)
Hibernate: 
    insert 
    into
        users
        (created_at,email,first_name,last_name,updated_at,id) 
    values
        (?,?,?,?,?,default)
2025-06-04T19:58:53.318-03:00 DEBUG 15120 --- [           main] org.hibernate.SQL                        : 
    insert 
    into
        users
        (created_at,email,first_name,last_name,updated_at,id) 
    values
        (?,?,?,?,?,default)
Hibernate: 
    insert 
    into
        users
        (created_at,email,first_name,last_name,updated_at,id) 
    values
        (?,?,?,?,?,default)
2025-06-04T19:58:53.327-03:00 DEBUG 15120 --- [           main] org.hibernate.SQL                        : 
    select
        u1_0.id,
        u1_0.created_at,
        u1_0.email,
        u1_0.first_name,
        u1_0.last_name,
        u1_0.updated_at 
    from
        users u1_0 
    where
        upper(u1_0.first_name)=upper(?)
Hibernate: 
    select
        u1_0.id,
        u1_0.created_at,
        u1_0.email,
        u1_0.first_name,
        u1_0.last_name,
        u1_0.updated_at 
    from
        users u1_0 
    where
        upper(u1_0.first_name)=upper(?)
]]></system-out>
  </testcase>
  <testcase name="testCreateUser" classname="com.example.jpademojava.UserServiceTest" time="0.062">
    <system-out><![CDATA[2025-06-04T19:58:53.339-03:00 DEBUG 15120 --- [           main] org.hibernate.SQL                        : 
    insert 
    into
        users
        (created_at,email,first_name,last_name,updated_at,id) 
    values
        (?,?,?,?,?,default)
Hibernate: 
    insert 
    into
        users
        (created_at,email,first_name,last_name,updated_at,id) 
    values
        (?,?,?,?,?,default)
]]></system-out>
  </testcase>
  <testcase name="testGetUserById" classname="com.example.jpademojava.UserServiceTest" time="0.006">
    <system-out><![CDATA[2025-06-04T19:58:53.400-03:00 DEBUG 15120 --- [           main] org.hibernate.SQL                        : 
    insert 
    into
        users
        (created_at,email,first_name,last_name,updated_at,id) 
    values
        (?,?,?,?,?,default)
Hibernate: 
    insert 
    into
        users
        (created_at,email,first_name,last_name,updated_at,id) 
    values
        (?,?,?,?,?,default)
]]></system-out>
  </testcase>
</testsuite>